[2026-05-15 13:57:41,569] DESKTOP-VBNUE4Q/INFO/locust.main: Starting Locust 2.41.6
[2026-05-15 13:57:44,839] DESKTOP-VBNUE4Q/INFO/locust.runners: DESKTOP-VBNUE4Q_472f734fc96449fa870c053f496bb0b2 (index 0) reported as ready. 1 workers connected.
[2026-05-15 13:57:45,010] DESKTOP-VBNUE4Q/INFO/locust.runners: DESKTOP-VBNUE4Q_e353e3253b6e4bbdb894c050b5b1d731 (index 1) reported as ready. 2 workers connected.
[2026-05-15 13:57:45,066] DESKTOP-VBNUE4Q/INFO/locust.runners: DESKTOP-VBNUE4Q_c063961726a64356b5e96687d282994f (index 2) reported as ready. 3 workers connected.
[2026-05-15 13:57:45,201] DESKTOP-VBNUE4Q/INFO/locust.runners: DESKTOP-VBNUE4Q_db3e3c8855a14a79bcce88cd057d7076 (index 3) reported as ready. 4 workers connected.
[2026-05-15 13:57:45,597] DESKTOP-VBNUE4Q/INFO/locust.main: Run time limit set to 930 seconds
[2026-05-15 13:57:45,597] DESKTOP-VBNUE4Q/INFO/locust.runners: Sending spawn jobs of 500 users at 10.00 spawn rate to 4 ready workers
[2026-05-15 13:57:52,661] DESKTOP-VBNUE4Q/INFO/locust.runners: Worker DESKTOP-VBNUE4Q_e353e3253b6e4bbdb894c050b5b1d731 failed to send heartbeat, setting state to missing.
[2026-05-15 13:57:52,661] DESKTOP-VBNUE4Q/INFO/locust.runners: Worker DESKTOP-VBNUE4Q_db3e3c8855a14a79bcce88cd057d7076 failed to send heartbeat, setting state to missing.
[2026-05-15 13:57:53,640] DESKTOP-VBNUE4Q/INFO/locust.runners: Worker DESKTOP-VBNUE4Q_db3e3c8855a14a79bcce88cd057d7076 self-healed with heartbeat, setting state to running.
[2026-05-15 13:57:53,676] DESKTOP-VBNUE4Q/INFO/locust.runners: Worker DESKTOP-VBNUE4Q_472f734fc96449fa870c053f496bb0b2 failed to send heartbeat, setting state to missing.
[2026-05-15 13:57:53,676] DESKTOP-VBNUE4Q/INFO/locust.runners: Worker DESKTOP-VBNUE4Q_c063961726a64356b5e96687d282994f failed to send heartbeat, setting state to missing.
[2026-05-15 13:57:53,690] DESKTOP-VBNUE4Q/INFO/locust.runners: Worker DESKTOP-VBNUE4Q_e353e3253b6e4bbdb894c050b5b1d731 self-healed with heartbeat, setting state to running.
[2026-05-15 13:57:56,556] DESKTOP-VBNUE4Q/INFO/locust.runners: Worker DESKTOP-VBNUE4Q_c063961726a64356b5e96687d282994f self-healed with heartbeat, setting state to running.
[2026-05-15 13:57:56,608] DESKTOP-VBNUE4Q/INFO/locust.runners: Worker DESKTOP-VBNUE4Q_472f734fc96449fa870c053f496bb0b2 self-healed with heartbeat, setting state to running.
[2026-05-15 13:57:57,731] DESKTOP-VBNUE4Q/INFO/locust.runners: Worker DESKTOP-VBNUE4Q_db3e3c8855a14a79bcce88cd057d7076 failed to send heartbeat, setting state to missing.
[2026-05-15 13:57:58,740] DESKTOP-VBNUE4Q/INFO/locust.runners: Worker DESKTOP-VBNUE4Q_e353e3253b6e4bbdb894c050b5b1d731 failed to send heartbeat, setting state to missing.
[2026-05-15 13:58:00,766] DESKTOP-VBNUE4Q/INFO/locust.runners: Worker DESKTOP-VBNUE4Q_472f734fc96449fa870c053f496bb0b2 failed to send heartbeat, setting state to missing.
[2026-05-15 13:58:00,769] DESKTOP-VBNUE4Q/INFO/locust.runners: Worker DESKTOP-VBNUE4Q_c063961726a64356b5e96687d282994f failed to send heartbeat, setting state to missing.
[2026-05-15 13:58:00,770] DESKTOP-VBNUE4Q/INFO/locust.runners: The last worker went missing, stopping test.
[2026-05-15 13:58:07,658] DESKTOP-VBNUE4Q/INFO/locust.runners: Worker DESKTOP-VBNUE4Q_e353e3253b6e4bbdb894c050b5b1d731 self-healed with heartbeat, setting state to running.
[2026-05-15 13:58:09,409] DESKTOP-VBNUE4Q/INFO/locust.runners: DESKTOP-VBNUE4Q_e353e3253b6e4bbdb894c050b5b1d731 (index 1) reported that it has stopped
[2026-05-15 13:58:09,412] DESKTOP-VBNUE4Q/INFO/locust.runners: DESKTOP-VBNUE4Q_e353e3253b6e4bbdb894c050b5b1d731 (index 1) reported as ready. 1 workers connected.
[2026-05-15 13:58:16,169] DESKTOP-VBNUE4Q/INFO/locust.runners: Worker DESKTOP-VBNUE4Q_db3e3c8855a14a79bcce88cd057d7076 self-healed with heartbeat, setting state to running.
[2026-05-15 13:58:17,275] DESKTOP-VBNUE4Q/INFO/locust.runners: DESKTOP-VBNUE4Q_db3e3c8855a14a79bcce88cd057d7076 (index 3) reported that it has stopped
[2026-05-15 13:58:17,277] DESKTOP-VBNUE4Q/INFO/locust.runners: DESKTOP-VBNUE4Q_db3e3c8855a14a79bcce88cd057d7076 (index 3) reported as ready. 2 workers connected.
[2026-05-15 13:58:18,880] DESKTOP-VBNUE4Q/INFO/locust.runners: Worker DESKTOP-VBNUE4Q_c063961726a64356b5e96687d282994f self-healed with heartbeat, setting state to running.
[2026-05-15 13:58:18,929] DESKTOP-VBNUE4Q/INFO/locust.runners: Worker DESKTOP-VBNUE4Q_472f734fc96449fa870c053f496bb0b2 self-healed with heartbeat, setting state to running.
[2026-05-15 13:58:19,666] DESKTOP-VBNUE4Q/INFO/locust.runners: DESKTOP-VBNUE4Q_c063961726a64356b5e96687d282994f (index 2) reported that it has stopped
[2026-05-15 13:58:19,666] DESKTOP-VBNUE4Q/INFO/locust.runners: DESKTOP-VBNUE4Q_c063961726a64356b5e96687d282994f (index 2) reported as ready. 4 workers connected.
[2026-05-15 13:58:19,766] DESKTOP-VBNUE4Q/INFO/locust.runners: DESKTOP-VBNUE4Q_472f734fc96449fa870c053f496bb0b2 (index 0) reported that it has stopped
[2026-05-15 13:58:19,766] DESKTOP-VBNUE4Q/INFO/locust.runners: DESKTOP-VBNUE4Q_472f734fc96449fa870c053f496bb0b2 (index 0) reported as ready. 4 workers connected.
[2026-05-15 13:58:19,930] DESKTOP-VBNUE4Q/WARNING/locust.runners: Worker DESKTOP-VBNUE4Q_472f734fc96449fa870c053f496bb0b2 (index 0) exceeded cpu threshold (will only log this once per worker)
[2026-05-15 13:58:23,935] DESKTOP-VBNUE4Q/INFO/locust.runners: Worker DESKTOP-VBNUE4Q_c063961726a64356b5e96687d282994f failed to send heartbeat, setting state to missing.
[2026-05-15 13:58:35,916] DESKTOP-VBNUE4Q/INFO/locust.runners: Resetting stats

[2026-05-15 13:58:35,917] DESKTOP-VBNUE4Q/INFO/locust.runners: Spawning is complete and report waittime is expired, but not all reports received from workers: {"WebsiteUser": 0} (0 total users)
[2026-05-15 13:59:14,697] DESKTOP-VBNUE4Q/INFO/locust.runners: Worker DESKTOP-VBNUE4Q_c063961726a64356b5e96687d282994f self-healed with heartbeat, setting state to running.
[2026-05-15 13:59:14,697] DESKTOP-VBNUE4Q/WARNING/locust.runners: Worker DESKTOP-VBNUE4Q_c063961726a64356b5e96687d282994f (index 2) exceeded cpu threshold (will only log this once per worker)
[2026-05-15 14:13:15,602] DESKTOP-VBNUE4Q/INFO/locust.main: --run-time limit reached, shutting down
[2026-05-15 14:13:15,605] DESKTOP-VBNUE4Q/INFO/locust.runners: Worker 'DESKTOP-VBNUE4Q_db3e3c8855a14a79bcce88cd057d7076' (index 3) quit. 2 workers ready.
[2026-05-15 14:13:15,605] DESKTOP-VBNUE4Q/INFO/locust.runners: Worker 'DESKTOP-VBNUE4Q_e353e3253b6e4bbdb894c050b5b1d731' (index 1) quit. 1 workers ready.
[2026-05-15 14:13:15,605] DESKTOP-VBNUE4Q/INFO/locust.runners: Worker 'DESKTOP-VBNUE4Q_472f734fc96449fa870c053f496bb0b2' (index 0) quit. 0 workers ready.
[2026-05-15 14:13:15,616] DESKTOP-VBNUE4Q/INFO/locust.runners: Worker 'DESKTOP-VBNUE4Q_c063961726a64356b5e96687d282994f' (index 2) quit. 0 workers ready.
[2026-05-15 14:13:15,616] DESKTOP-VBNUE4Q/INFO/locust.runners: The last worker quit, stopping test.
[2026-05-15 14:13:16,145] DESKTOP-VBNUE4Q/INFO/locust.main: writing html report to file: result\single_list_lite_u500_r10.html
[2026-05-15 14:13:16,661] DESKTOP-VBNUE4Q/INFO/locust.main: Shutting down (exit code 0)
Type     Name                                                                          # reqs      # fails |    Avg     Min     Max    Med |   req/s  failures/s
--------|----------------------------------------------------------------------------|-------|-------------|-------|-------|-------|-------|--------|-----------
GET      /gacha/goods/v2/list                                                           36167     0(0.00%) |    210      91   57279    120 |   40.38        0.00
--------|----------------------------------------------------------------------------|-------|-------------|-------|-------|-------|-------|--------|-----------
         Aggregated                                                                     36167     0(0.00%) |    210      91   57279    120 |   40.38        0.00

Response time percentiles (approximated)
Type     Name                                                                                  50%    66%    75%    80%    90%    95%    98%    99%  99.9% 99.99%   100% # reqs
--------|--------------------------------------------------------------------------------|--------|------|------|------|------|------|------|------|------|------|------|------
GET      /gacha/goods/v2/list                                                                  120    130    130    140    160    180    260    350  37000  55000  57000  36167
--------|--------------------------------------------------------------------------------|--------|------|------|------|------|------|------|------|------|------|------|------
         Aggregated                                                                            120    130    130    140    160    180    260    350  37000  55000  57000  36167

